<?xml version="1.0" encoding="UTF-8"?>
<!-- Generated by org.testng.reporters.JUnitReportReporter -->
<testsuite skipped="0" hostname="Omers-MacBook-Pro.local" name="com.qa.ispeakbetter.test.PrivacyPolicyPageTest" tests="3" failures="0" timestamp="2020-10-15T19:15:37 EDT" time="16.816" errors="0">
  <testcase name="verifyPageTitle" time="5.164" classname="com.qa.ispeakbetter.test.PrivacyPolicyPageTest"/>
  <system-out/>
  <testcase name="verifyPageHeader" time="6.520" classname="com.qa.ispeakbetter.test.PrivacyPolicyPageTest"/>
  <system-out/>
  <testcase name="verifyUrl" time="5.132" classname="com.qa.ispeakbetter.test.PrivacyPolicyPageTest"/>
  <system-out/>
</testsuite> <!-- com.qa.ispeakbetter.test.PrivacyPolicyPageTest -->
