<?xml version="1.0" encoding="UTF-8"?>
<!-- Generated by org.testng.reporters.JUnitReportReporter -->
<testsuite skipped="0" hostname="Omers-MacBook-Pro.local" name="com.qa.ispeakbetter.test.HomePagePackagesTest" tests="2" failures="0" timestamp="13 Oct 2020 16:57:33 GMT" time="13.663" errors="0">
  <testcase name="verifyPageTitle" time="4.784" classname="com.qa.ispeakbetter.test.HomePagePackagesTest"/>
  <testcase name="selectAPackage" time="8.879" classname="com.qa.ispeakbetter.test.HomePagePackagesTest"/>
</testsuite> <!-- com.qa.ispeakbetter.test.HomePagePackagesTest -->
