<?xml version="1.0" encoding="UTF-8"?>
<!-- Generated by org.testng.reporters.JUnitReportReporter -->
<testsuite skipped="0" hostname="Omers-MacBook-Pro.local" name="com.qa.ispeakbetter.test.FAQPageTest" tests="3" failures="0" timestamp="2020-10-20T09:39:52 EDT" time="18.811" errors="0">
  <testcase name="verifyPageTitle" time="5.367" classname="com.qa.ispeakbetter.test.FAQPageTest"/>
  <system-out/>
  <testcase name="verifyPageHeader" time="8.266" classname="com.qa.ispeakbetter.test.FAQPageTest"/>
  <system-out/>
  <testcase name="verifyUrl" time="5.178" classname="com.qa.ispeakbetter.test.FAQPageTest"/>
  <system-out/>
</testsuite> <!-- com.qa.ispeakbetter.test.FAQPageTest -->
