<?xml version="1.0" encoding="UTF-8"?>
<!-- Generated by org.testng.reporters.JUnitReportReporter -->
<testsuite skipped="0" hostname="Omers-MacBook-Pro.local" name="com.qa.ispeakbetter.test.TermsAndConditionsTest" tests="1" failures="0" timestamp="2020-10-20T09:52:14 EDT" time="5.426" errors="0">
  <testcase name="verifyPageTitle" time="5.426" classname="com.qa.ispeakbetter.test.TermsAndConditionsTest"/>
  <system-out/>
</testsuite> <!-- com.qa.ispeakbetter.test.TermsAndConditionsTest -->
