<?xml version="1.0" encoding="UTF-8"?>
<!-- Generated by org.testng.reporters.JUnitReportReporter -->
<testsuite skipped="0" hostname="Omers-MacBook-Pro.local" name="com.qa.ispeakbetter.test.PackagesTest" tests="2" failures="0" timestamp="2020-10-14T16:11:21 EDT" time="14.021" errors="0">
  <testcase name="verifyPageTitle" time="4.570" classname="com.qa.ispeakbetter.test.PackagesTest"/>
  <system-out/>
  <testcase name="selectAPackage" time="9.451" classname="com.qa.ispeakbetter.test.PackagesTest"/>
  <system-out/>
</testsuite> <!-- com.qa.ispeakbetter.test.PackagesTest -->
