<?xml version="1.0" encoding="UTF-8"?>
<!-- Generated by org.testng.reporters.JUnitReportReporter -->
<testsuite skipped="0" hostname="Omers-MacBook-Pro.local" name="com.qa.ispeakbetter.test.HomePageSupportTest" tests="3" failures="0" timestamp="13 Oct 2020 16:55:33 GMT" time="57.705" errors="0">
  <testcase name="verifyPageTitle" time="4.998" classname="com.qa.ispeakbetter.test.HomePageSupportTest"/>
  <testcase name="supportSectionValidCredentials" time="26.570" classname="com.qa.ispeakbetter.test.HomePageSupportTest"/>
  <testcase name="supportSectionInvalidCredentials" time="26.137" classname="com.qa.ispeakbetter.test.HomePageSupportTest"/>
</testsuite> <!-- com.qa.ispeakbetter.test.HomePageSupportTest -->
