<?xml version="1.0" encoding="UTF-8"?>
<!-- Generated by org.testng.reporters.JUnitReportReporter -->
<testsuite skipped="0" hostname="Omers-MacBook-Pro.local" name="com.qa.ispeakbetter.test.HomePageLoginTest" tests="1" failures="0" timestamp="2020-10-14T14:40:10 EDT" time="8.409" errors="0">
  <testcase name="validLogin" time="8.409" classname="com.qa.ispeakbetter.test.HomePageLoginTest"/>
  <system-out/>
</testsuite> <!-- com.qa.ispeakbetter.test.HomePageLoginTest -->
