<?xml version="1.0" encoding="UTF-8"?>
<!-- Generated by org.testng.reporters.JUnitReportReporter -->
<testsuite skipped="0" hostname="Omers-MacBook-Pro.local" name="com.qa.ispeakbetter.test.LanguageMenuTest" tests="1" failures="0" timestamp="2020-10-20T09:45:48 EDT" time="11.217" errors="0">
  <testcase name="selectingEnglish" time="11.217" classname="com.qa.ispeakbetter.test.LanguageMenuTest"/>
  <system-out/>
</testsuite> <!-- com.qa.ispeakbetter.test.LanguageMenuTest -->
