<?xml version="1.0" encoding="UTF-8"?>
<!-- Generated by org.testng.reporters.JUnitReportReporter -->
<testsuite skipped="0" hostname="Omers-MacBook-Pro.local" name="com.qa.ispeakbetter.test.HomePageTest" tests="2" failures="0" timestamp="2020-10-20T09:40:37 EDT" time="8.353" errors="0">
  <testcase name="verifyHomePageTitle" time="3.895" classname="com.qa.ispeakbetter.test.HomePageTest"/>
  <system-out/>
  <testcase name="verifyPageUrl" time="4.458" classname="com.qa.ispeakbetter.test.HomePageTest"/>
  <system-out/>
</testsuite> <!-- com.qa.ispeakbetter.test.HomePageTest -->
