<?xml version="1.0" encoding="UTF-8"?>
<!-- Generated by org.testng.reporters.JUnitReportReporter -->
<testsuite skipped="0" hostname="Omers-MacBook-Pro.local" name="com.qa.ispeakbetter.test.HomePageSignUpTest" tests="3" failures="0" timestamp="2020-10-14T14:28:11 EDT" time="22.013" errors="0">
  <testcase name="getPageTitle" time="6.653" classname="com.qa.ispeakbetter.test.HomePageSignUpTest"/>
  <system-out/>
  <testcase name="signUpValid" time="8.030" classname="com.qa.ispeakbetter.test.HomePageSignUpTest"/>
  <system-out/>
  <testcase name="signUpInvalid" time="7.330" classname="com.qa.ispeakbetter.test.HomePageSignUpTest"/>
  <system-out/>
</testsuite> <!-- com.qa.ispeakbetter.test.HomePageSignUpTest -->
