<?xml version="1.0" encoding="UTF-8"?>
<!-- Generated by org.testng.reporters.JUnitReportReporter -->
<testsuite skipped="0" hostname="Omers-MacBook-Pro.local" name="com.qa.ispeakbetter.test.ContactPageTest" tests="1" failures="0" timestamp="2020-10-20T10:50:12 EDT" time="8.105" errors="0">
  <testcase name="sendMessageWithValidCred" time="8.105" classname="com.qa.ispeakbetter.test.ContactPageTest"/>
  <system-out/>
</testsuite> <!-- com.qa.ispeakbetter.test.ContactPageTest -->
