<?xml version="1.0" encoding="UTF-8"?>
<!-- Generated by org.testng.reporters.JUnitReportReporter -->
<testsuite skipped="0" hostname="Omers-MacBook-Pro.local" name="com.qa.ispeakbetter.test.CoursesPageTest" tests="1" failures="0" timestamp="2020-10-13T16:14:18 EDT" time="36.404" errors="0">
  <testcase name="navigateToCourses" time="36.404" classname="com.qa.ispeakbetter.test.CoursesPageTest"/>
  <system-out/>
</testsuite> <!-- com.qa.ispeakbetter.test.CoursesPageTest -->
