<?xml version="1.0" encoding="UTF-8"?>
<!-- Generated by org.testng.reporters.JUnitReportReporter -->
<testsuite skipped="0" hostname="Omers-MacBook-Pro.local" name="com.qa.ispeakbetter.test.SignUpPageTest" tests="3" failures="0" timestamp="2020-10-14T16:09:11 EDT" time="34.310" errors="0">
  <testcase name="getPageTitle" time="7.607" classname="com.qa.ispeakbetter.test.SignUpPageTest"/>
  <system-out/>
  <testcase name="signUpValid" time="16.025" classname="com.qa.ispeakbetter.test.SignUpPageTest"/>
  <system-out/>
  <testcase name="signUpInvalid" time="10.678" classname="com.qa.ispeakbetter.test.SignUpPageTest"/>
  <system-out/>
</testsuite> <!-- com.qa.ispeakbetter.test.SignUpPageTest -->
