<?xml version="1.0" encoding="UTF-8"?>
<!-- Generated by org.testng.reporters.JUnitReportReporter -->
<testsuite skipped="0" hostname="Omers-MacBook-Pro.local" name="com.qa.ispeakbetter.test.FAQTest" tests="3" failures="0" timestamp="2020-10-13T17:54:35 EDT" time="17.183" errors="0">
  <testcase name="verifyPageTitle" time="5.036" classname="com.qa.ispeakbetter.test.FAQTest"/>
  <system-out/>
  <testcase name="verifyPageHeader" time="6.020" classname="com.qa.ispeakbetter.test.FAQTest"/>
  <system-out/>
  <testcase name="verifyUrl" time="6.127" classname="com.qa.ispeakbetter.test.FAQTest"/>
  <system-out/>
</testsuite> <!-- com.qa.ispeakbetter.test.FAQTest -->
