<?xml version="1.0" encoding="UTF-8"?>
<!-- Generated by org.testng.reporters.JUnitReportReporter -->
<testsuite skipped="0" hostname="Omers-MacBook-Pro.local" name="com.qa.ispeakbetter.test.LoginPageTest" tests="1" failures="0" timestamp="2020-10-19T21:58:07 EDT" time="6.923" errors="0">
  <testcase name="verifyPageTitle" time="6.923" classname="com.qa.ispeakbetter.test.LoginPageTest"/>
  <system-out/>
</testsuite> <!-- com.qa.ispeakbetter.test.LoginPageTest -->
