<?xml version="1.0" encoding="UTF-8"?>
<!-- Generated by org.testng.reporters.JUnitReportReporter -->
<testsuite skipped="0" hostname="Omers-MacBook-Pro.local" name="com.qa.ispeakbetter.test.BlogPageTest" tests="1" failures="0" timestamp="13 Oct 2020 18:12:49 GMT" time="8.916" errors="0">
  <testcase name="verifyDisplayTest1" time="8.916" classname="com.qa.ispeakbetter.test.BlogPageTest"/>
</testsuite> <!-- com.qa.ispeakbetter.test.BlogPageTest -->
