<?xml version="1.0" encoding="UTF-8"?>
<!-- Generated by org.testng.reporters.JUnitReportReporter -->
<testsuite skipped="0" hostname="Omers-MacBook-Pro.local" name="com.qa.ispeakbetter.test.HomePageLanguageMenuTest" tests="9" failures="0" timestamp="2020-10-14T14:07:38 EDT" time="69.577" errors="0">
  <testcase name="verifyPageTitle" time="4.130" classname="com.qa.ispeakbetter.test.HomePageLanguageMenuTest"/>
  <system-out/>
  <testcase name="verifyNumberOfLanguages" time="5.443" classname="com.qa.ispeakbetter.test.HomePageLanguageMenuTest"/>
  <system-out/>
  <testcase name="homePageLanguageDropDownMenu" time="9.758" classname="com.qa.ispeakbetter.test.HomePageLanguageMenuTest"/>
  <system-out/>
  <testcase name="selectingEnglish" time="9.754" classname="com.qa.ispeakbetter.test.HomePageLanguageMenuTest"/>
  <system-out/>
  <testcase name="selectingTurksih" time="7.978" classname="com.qa.ispeakbetter.test.HomePageLanguageMenuTest"/>
  <system-out/>
  <testcase name="selectingMongolian" time="7.511" classname="com.qa.ispeakbetter.test.HomePageLanguageMenuTest"/>
  <system-out/>
  <testcase name="selectingChinese" time="7.257" classname="com.qa.ispeakbetter.test.HomePageLanguageMenuTest"/>
  <system-out/>
  <testcase name="selectingRussian" time="8.156" classname="com.qa.ispeakbetter.test.HomePageLanguageMenuTest"/>
  <system-out/>
  <testcase name="selectingArabic" time="9.590" classname="com.qa.ispeakbetter.test.HomePageLanguageMenuTest"/>
  <system-out/>
</testsuite> <!-- com.qa.ispeakbetter.test.HomePageLanguageMenuTest -->
